<?xml version="1.0" encoding="UTF-8"?>
<robot generator="Robot 5.0 (Python 3.8.3 on darwin)" generated="20220503 00:03:33.810" rpa="false" schemaversion="3">
<suite id="s1" name="TC1" source="/Users/yperli/PycharmProjects/RobotSelenium/TestCases/TC1.robot">
<kw name="Initial Suite Setup" library="Framework" type="SETUP">
<kw name="Log To Console" library="BuiltIn">
<arg>Execution Started</arg>
<doc>Logs the given message to the console.</doc>
<status status="PASS" starttime="20220503 00:03:34.082" endtime="20220503 00:03:34.083"/>
</kw>
<kw name="Run Keyword If" library="BuiltIn">
<arg>'${ENV}' == 'Integration'</arg>
<arg>Import Variables</arg>
<arg>/Users/yperli/PycharmProjects/RobotSelenium/TestCases/../PythonCode/Variables.py</arg>
<arg>ELSE IF</arg>
<arg>'${ENV}' == 'SI'</arg>
<arg>Import Variables</arg>
<arg>/Users/yperli/PycharmProjects/RobotSelenium/TestCases/../PythonCode/Variables2.py</arg>
<doc>Runs the given keyword with the given arguments, if ``condition`` is true.</doc>
<kw name="Import Variables" library="BuiltIn">
<arg>/Users/yperli/PycharmProjects/RobotSelenium/TestCases/../PythonCode/Variables.py</arg>
<doc>Imports a variable file with the given path and optional arguments.</doc>
<status status="PASS" starttime="20220503 00:03:34.083" endtime="20220503 00:03:34.084"/>
</kw>
<status status="PASS" starttime="20220503 00:03:34.083" endtime="20220503 00:03:34.084"/>
</kw>
<kw name="Log To Console" library="BuiltIn">
<arg>${browser}</arg>
<doc>Logs the given message to the console.</doc>
<status status="PASS" starttime="20220503 00:03:34.084" endtime="20220503 00:03:34.085"/>
</kw>
<kw name="Run Keyword If" library="BuiltIn">
<arg>'${browser}' == 'Chrome'</arg>
<arg>Open Chrome Browser</arg>
<arg>ELSE IF</arg>
<arg>'${browser}' == 'Firefox'</arg>
<arg>Open FireFox Browser</arg>
<arg>ELSE IF</arg>
<arg>'${browser}' == 'Edge'</arg>
<arg>Open Edge Browser</arg>
<doc>Runs the given keyword with the given arguments, if ``condition`` is true.</doc>
<kw name="Open Chrome Browser" library="Framework">
<kw name="Evaluate" library="BuiltIn">
<var>${chrome_options}</var>
<arg>selenium.webdriver.ChromeOptions()</arg>
<doc>Evaluates the given expression in Python and returns the result.</doc>
<msg timestamp="20220503 00:03:34.085" level="INFO">${chrome_options} = &lt;selenium.webdriver.chrome.options.Options object at 0x7fa07d81e790&gt;</msg>
<status status="PASS" starttime="20220503 00:03:34.085" endtime="20220503 00:03:34.085"/>
</kw>
<kw name="Call Method" library="BuiltIn">
<arg>${chrome_options}</arg>
<arg>add_argument</arg>
<arg>--start-maximixed</arg>
<doc>Calls the named method of the given object with the provided arguments.</doc>
<status status="PASS" starttime="20220503 00:03:34.086" endtime="20220503 00:03:34.086"/>
</kw>
<kw name="Get Driver Path With Browser" library="DriverSetup">
<var>${driver_path}</var>
<arg>${browser}</arg>
<msg timestamp="20220503 00:03:34.086" level="INFO">
</msg>
<msg timestamp="20220503 00:03:34.086" level="INFO">====== WebDriver manager ======</msg>
<msg timestamp="20220503 00:03:34.183" level="INFO">Current google-chrome version is 100.0.4896</msg>
<msg timestamp="20220503 00:03:34.184" level="INFO">Get LATEST chromedriver version for 100.0.4896 google-chrome</msg>
<msg timestamp="20220503 00:03:34.563" level="INFO">Driver [/Users/yperli/.wdm/drivers/chromedriver/mac64/100.0.4896.60/chromedriver] found in cache</msg>
<msg timestamp="20220503 00:03:34.563" level="INFO">/Users/yperli/.wdm/drivers/chromedriver/mac64/100.0.4896.60/chromedriver</msg>
<msg timestamp="20220503 00:03:34.563" level="INFO">====== WebDriver manager ======
Current google-chrome version is 100.0.4896
Get LATEST chromedriver version for 100.0.4896 google-chrome
Driver [/Users/yperli/.wdm/drivers/chromedriver/mac64/100.0.4896.60/chromedriver] found in cache</msg>
<msg timestamp="20220503 00:03:34.563" level="INFO">${driver_path} = /Users/yperli/.wdm/drivers/chromedriver/mac64/100.0.4896.60/chromedriver</msg>
<status status="PASS" starttime="20220503 00:03:34.086" endtime="20220503 00:03:34.563"/>
</kw>
<kw name="Log To Console" library="BuiltIn">
<arg>Creating Webdriver</arg>
<doc>Logs the given message to the console.</doc>
<status status="PASS" starttime="20220503 00:03:34.564" endtime="20220503 00:03:34.564"/>
</kw>
<kw name="Log To Console" library="BuiltIn">
<arg>${chrome_options}</arg>
<doc>Logs the given message to the console.</doc>
<status status="PASS" starttime="20220503 00:03:34.564" endtime="20220503 00:03:34.565"/>
</kw>
<kw name="Create Webdriver" library="SeleniumLibrary">
<arg>Chrome</arg>
<arg>options=${chrome_options}</arg>
<arg>executable_path=${driver_path}</arg>
<doc>Creates an instance of Selenium WebDriver.</doc>
<msg timestamp="20220503 00:03:34.565" level="INFO">Creating an instance of the Chrome WebDriver.</msg>
<status status="PASS" starttime="20220503 00:03:34.565" endtime="20220503 00:03:36.958"/>
</kw>
<kw name="Log To Console" library="BuiltIn">
<arg>Driver Created</arg>
<doc>Logs the given message to the console.</doc>
<status status="PASS" starttime="20220503 00:03:36.958" endtime="20220503 00:03:36.959"/>
</kw>
<status status="PASS" starttime="20220503 00:03:34.085" endtime="20220503 00:03:36.959"/>
</kw>
<status status="PASS" starttime="20220503 00:03:34.085" endtime="20220503 00:03:36.959"/>
</kw>
<kw name="Go To" library="SeleniumLibrary">
<arg>${url}</arg>
<doc>Navigates the current browser window to the provided ``url``.</doc>
<msg timestamp="20220503 00:03:36.960" level="INFO">Opening url 'https://demo.nopcommerce.com/'</msg>
<status status="PASS" starttime="20220503 00:03:36.959" endtime="20220503 00:03:39.149"/>
</kw>
<kw name="Login To Application" library="Framework">
<kw name="Click Link" library="SeleniumLibrary">
<arg>${login_link}</arg>
<doc>Clicks a link identified by ``locator``.</doc>
<msg timestamp="20220503 00:03:39.150" level="INFO">Clicking link 'xpath://a[@class='ico-login']'.</msg>
<status status="PASS" starttime="20220503 00:03:39.149" endtime="20220503 00:03:39.859"/>
</kw>
<kw name="Input Text" library="SeleniumLibrary">
<arg>id:Email</arg>
<arg>Yashwanth</arg>
<doc>Types the given ``text`` into the text field identified by ``locator``.</doc>
<msg timestamp="20220503 00:03:39.860" level="INFO">Typing text 'Yashwanth' into text field 'id:Email'.</msg>
<status status="PASS" starttime="20220503 00:03:39.859" endtime="20220503 00:03:39.955"/>
</kw>
<kw name="Input Text" library="SeleniumLibrary">
<arg>id:Password</arg>
<arg>Yashwanth</arg>
<doc>Types the given ``text`` into the text field identified by ``locator``.</doc>
<msg timestamp="20220503 00:03:39.956" level="INFO">Typing text 'Yashwanth' into text field 'id:Password'.</msg>
<status status="PASS" starttime="20220503 00:03:39.955" endtime="20220503 00:03:40.033"/>
</kw>
<kw name="Click Element" library="SeleniumLibrary">
<arg>xpath://button[@class='button-1 login-button']</arg>
<doc>Click the element identified by ``locator``.</doc>
<msg timestamp="20220503 00:03:40.034" level="INFO">Clicking element 'xpath://button[@class='button-1 login-button']'.</msg>
<status status="PASS" starttime="20220503 00:03:40.034" endtime="20220503 00:03:40.087"/>
</kw>
<status status="PASS" starttime="20220503 00:03:39.149" endtime="20220503 00:03:40.087"/>
</kw>
<status status="PASS" starttime="20220503 00:03:34.082" endtime="20220503 00:03:40.088"/>
</kw>
<test id="s1-t1" name="Log Test" line="12">
<kw name="Import Variables" library="BuiltIn">
<arg>/Users/yperli/PycharmProjects/RobotSelenium/TestCases/../data/${ENV}/TC1.py</arg>
<doc>Imports a variable file with the given path and optional arguments.</doc>
<status status="PASS" starttime="20220503 00:03:40.089" endtime="20220503 00:03:40.091"/>
</kw>
<kw name="Log To Console" library="BuiltIn">
<arg>${login_link}</arg>
<doc>Logs the given message to the console.</doc>
<status status="PASS" starttime="20220503 00:03:40.091" endtime="20220503 00:03:40.092"/>
</kw>
<kw name="Sleep" library="BuiltIn">
<arg>5</arg>
<doc>Pauses the test executed for the given time.</doc>
<msg timestamp="20220503 00:03:45.092" level="INFO">Slept 5 seconds</msg>
<status status="PASS" starttime="20220503 00:03:40.092" endtime="20220503 00:03:45.093"/>
</kw>
<kw name="Capture Page Screenshot" library="SeleniumLibrary">
<doc>Takes a screenshot of the current page and embeds it into a log file.</doc>
<msg timestamp="20220503 00:03:45.527" level="INFO" html="true">&lt;/td&gt;&lt;/tr&gt;&lt;tr&gt;&lt;td colspan="3"&gt;&lt;a href="selenium-screenshot-3.png"&gt;&lt;img src="selenium-screenshot-3.png" width="800px"&gt;&lt;/a&gt;</msg>
<status status="PASS" starttime="20220503 00:03:45.099" endtime="20220503 00:03:45.527"/>
</kw>
<status status="PASS" starttime="20220503 00:03:40.088" endtime="20220503 00:03:45.527"/>
</test>
<kw name="Close Browsers" library="Framework" type="TEARDOWN">
<kw name="Close All Browsers" library="SeleniumLibrary">
<doc>Closes all open browsers and resets the browser cache.</doc>
<status status="PASS" starttime="20220503 00:03:45.529" endtime="20220503 00:03:45.624"/>
</kw>
<status status="PASS" starttime="20220503 00:03:45.528" endtime="20220503 00:03:45.625"/>
</kw>
<status status="PASS" starttime="20220503 00:03:33.811" endtime="20220503 00:03:45.625"/>
</suite>
<statistics>
<total>
<stat pass="1" fail="0" skip="0">All Tests</stat>
</total>
<tag>
</tag>
<suite>
<stat pass="1" fail="0" skip="0" id="s1" name="TC1">TC1</stat>
</suite>
</statistics>
<errors>
</errors>
</robot>
